<?xml version="1.0" encoding="UTF-8"?>
<testng-results skipped="0" failed="0" ignored="0" total="1" passed="1">
  <reporter-output>
  </reporter-output>
  <suite name="Suite" duration-ms="1876" started-at="2018-07-23T16:15:55Z" finished-at="2018-07-23T16:15:57Z">
    <groups>
      <group name="cucumber">
        <method signature="AbstractTestNGCucumberTests.feature(cucumber.api.testng.CucumberFeatureWrapper)[pri:0, instance:org.opensourceqa.runner.TestRunner@1057a39]" name="feature" class="cucumber.api.testng.AbstractTestNGCucumberTests"/>
      </group> <!-- cucumber -->
    </groups>
    <test name="Test" duration-ms="1876" started-at="2018-07-23T16:15:55Z" finished-at="2018-07-23T16:15:57Z">
      <class name="org.opensourceqa.runner.TestRunner">
        <test-method status="PASS" signature="setUpClass()[pri:0, instance:org.opensourceqa.runner.TestRunner@1057a39]" name="setUpClass" is-config="true" duration-ms="818" started-at="2018-07-23T16:15:55Z" finished-at="2018-07-23T16:15:56Z">
          <reporter-output>
          </reporter-output>
        </test-method> <!-- setUpClass -->
        <test-method status="PASS" signature="feature(cucumber.api.testng.CucumberFeatureWrapper)[pri:0, instance:org.opensourceqa.runner.TestRunner@1057a39]" name="feature" duration-ms="376" started-at="2018-07-23T16:15:57Z" description="Runs Cucumber Feature" data-provider="features" finished-at="2018-07-23T16:15:57Z">
          <params>
            <param index="0">
              <value>
                <![CDATA[User Registration.]]>
              </value>
            </param>
          </params>
          <reporter-output>
          </reporter-output>
        </test-method> <!-- feature -->
        <test-method status="PASS" signature="tearDownClass()[pri:0, instance:org.opensourceqa.runner.TestRunner@1057a39]" name="tearDownClass" is-config="true" duration-ms="329" started-at="2018-07-23T16:15:57Z" finished-at="2018-07-23T16:15:57Z">
          <reporter-output>
          </reporter-output>
        </test-method> <!-- tearDownClass -->
      </class> <!-- org.opensourceqa.runner.TestRunner -->
    </test> <!-- Test -->
  </suite> <!-- Suite -->
</testng-results>
